[13:14:19] [main/INFO] [LaunchWrapper]: Loading tweak class name net.minecraftforge.fml.common.launcher.FMLServerTweaker
[13:14:19] [main/INFO] [LaunchWrapper]: Using primary tweak class name net.minecraftforge.fml.common.launcher.FMLServerTweaker
[13:14:19] [main/INFO] [LaunchWrapper]: Calling tweak class net.minecraftforge.fml.common.launcher.FMLServerTweaker
[13:14:19] [main/INFO] [FML]: Forge Mod Loader version 14.23.5.2855 for Minecraft 1.12.2 loading
[13:14:19] [main/INFO] [FML]: Java is OpenJDK 64-Bit Server VM, version 1.8.0_312, running on Linux:amd64:5.4.0-77-generic, installed at /opt/java/openjdk/jre
[13:14:20] [main/INFO] [FML]: Searching /data/./mods for mods
[13:14:20] [main/INFO] [FML]: Searching /data/./mods/1.12.2 for mods
[13:14:20] [main/INFO] [FML]: Loading tweaker org.spongepowered.asm.launch.MixinTweaker from _MixinBootstrap-1.1.0.jar
[13:14:20] [main/WARN] [FML]: Found FMLCorePluginContainsFMLMod marker in AdvancedRocketry-1.12.2-1.7.0-232-universal.jar. This is not recommended, @Mods should be in a separate jar from the coremod.
[13:14:20] [main/WARN] [FML]: The coremod AdvancedRocketryPlugin (zmaster587.advancedRocketry.asm.AdvancedRocketryPlugin) is not signed!
[13:14:20] [main/WARN] [FML]: Found FMLCorePluginContainsFMLMod marker in ae2fc-1.12.2-1.0.11.jar. This is not recommended, @Mods should be in a separate jar from the coremod.
[13:14:20] [main/WARN] [FML]: The coremod xyz.phanta.ae2fc.coremod.FcCoreMod does not have a MCVersion annotation, it may cause issues with this version of Minecraft
[13:14:20] [main/WARN] [FML]: The coremod FcCoreMod (xyz.phanta.ae2fc.coremod.FcCoreMod) is not signed!
[13:14:20] [main/WARN] [FML]: Found FMLCorePluginContainsFMLMod marker in AppleCore-mc1.12.2-3.4.0.jar. This is not recommended, @Mods should be in a separate jar from the coremod.
[13:14:20] [main/WARN] [FML]: The coremod AppleCore (squeek.applecore.AppleCore) is not signed!
[13:14:20] [main/WARN] [FML]: Found FMLCorePluginContainsFMLMod marker in Aroma1997Core-1.12.2-2.0.0.2.jar. This is not recommended, @Mods should be in a separate jar from the coremod.
[13:14:20] [main/WARN] [FML]: The coremod aroma1997.core.coremod.CoreMod does not have a MCVersion annotation, it may cause issues with this version of Minecraft
[13:14:20] [main/WARN] [FML]: Found FMLCorePluginContainsFMLMod marker in astralsorcery-1.12.2-1.10.27.jar. This is not recommended, @Mods should be in a separate jar from the coremod.
[13:14:20] [main/WARN] [FML]: The coremod hellfirepvp.astralsorcery.core.AstralCore does not have a MCVersion annotation, it may cause issues with this version of Minecraft
[13:14:20] [main/INFO] [Astral Core]: [AstralCore] Initialized.
[13:14:20] [main/WARN] [FML]: Found FMLCorePluginContainsFMLMod marker in bedpatch-2.2-1.12.2.jar. This is not recommended, @Mods should be in a separate jar from the coremod.
[13:14:20] [main/INFO] [FML]: Loading tweaker guichaguri.betterfps.tweaker.BetterFpsTweaker from BetterFps-1.4.8.jar
[13:14:20] [main/WARN] [FML]: Found FMLCorePluginContainsFMLMod marker in Bloodmoon-MC1.12.2-1.5.3.jar. This is not recommended, @Mods should be in a separate jar from the coremod.
[13:14:20] [main/WARN] [FML]: The coremod lumien.bloodmoon.asm.LoadingPlugin does not have a MCVersion annotation, it may cause issues with this version of Minecraft
[13:14:20] [main/INFO] [FML]: Loading tweaker codechicken.asm.internal.Tweaker from ChickenASM-1.12-1.0.2.7.jar
[13:14:20] [main/WARN] [FML]: Found FMLCorePluginContainsFMLMod marker in CreativeCore_v1.10.69_mc1.12.2.jar. This is not recommended, @Mods should be in a separate jar from the coremod.
[13:14:20] [main/WARN] [FML]: The coremod com.creativemd.creativecore.core.CreativePatchingLoader does not have a MCVersion annotation, it may cause issues with this version of Minecraft
[13:14:20] [main/WARN] [FML]: The coremod CreativePatchingLoader (com.creativemd.creativecore.core.CreativePatchingLoader) is not signed!
[13:14:20] [main/WARN] [FML]: Found FMLCorePluginContainsFMLMod marker in CTM-MC1.12.2-1.0.2.31.jar. This is not recommended, @Mods should be in a separate jar from the coremod.
[13:14:20] [main/WARN] [FML]: The coremod team.chisel.ctm.client.asm.CTMCorePlugin does not have a MCVersion annotation, it may cause issues with this version of Minecraft
[13:14:20] [main/WARN] [FML]: The coremod CTMCorePlugin (team.chisel.ctm.client.asm.CTMCorePlugin) is not signed!
[13:14:20] [main/WARN] [FML]: Found FMLCorePluginContainsFMLMod marker in DummyCoreUnofficial-2.4.112.5.jar. This is not recommended, @Mods should be in a separate jar from the coremod.
[13:14:20] [main/WARN] [FML]: The coremod DummyCore.ASM.DCLoadingPlugin does not have a MCVersion annotation, it may cause issues with this version of Minecraft
[13:14:20] [main/WARN] [FML]: Found FMLCorePluginContainsFMLMod marker in Fermion-1.0.2+hotfix.testless.jar. This is not recommended, @Mods should be in a separate jar from the coremod.
[13:14:20] [main/WARN] [FML]: Found FMLCorePluginContainsFMLMod marker in ForgeEndertech-1.12.2-4.5.6.0-build.0619.jar. This is not recommended, @Mods should be in a separate jar from the coremod.
[13:14:20] [main/WARN] [FML]: The coremod com.endertech.minecraft.forge.coremod.CorePlugin does not have a MCVersion annotation, it may cause issues with this version of Minecraft
[13:14:20] [main/WARN] [FML]: The coremod CorePlugin (com.endertech.minecraft.forge.coremod.CorePlugin) is not signed!
[13:14:20] [main/WARN] [FML]: Found FMLCorePluginContainsFMLMod marker in Forgelin-1.8.4.jar. This is not recommended, @Mods should be in a separate jar from the coremod.
[13:14:20] [main/WARN] [FML]: The coremod net.shadowfacts.forgelin.preloader.ForgelinPlugin does not have a MCVersion annotation, it may cause issues with this version of Minecraft
[13:14:20] [main/WARN] [FML]: The coremod ForgelinPlugin (net.shadowfacts.forgelin.preloader.ForgelinPlugin) is not signed!
[13:14:20] [main/WARN] [FML]: Found FMLCorePluginContainsFMLMod marker in HammerLib-1.12.2-2.0.6.31.jar. This is not recommended, @Mods should be in a separate jar from the coremod.
[13:14:20] [main/WARN] [FML]: Found FMLCorePluginContainsFMLMod marker in InventoryTweaks-1.63.jar. This is not recommended, @Mods should be in a separate jar from the coremod.
[13:14:20] [main/WARN] [FML]: The coremod invtweaks.forge.asm.FMLPlugin does not have a MCVersion annotation, it may cause issues with this version of Minecraft
[13:14:20] [main/WARN] [FML]: The coremod ivorius.ivtoolkit.IvToolkitLoadingPlugin does not have a MCVersion annotation, it may cause issues with this version of Minecraft
[13:14:20] [main/WARN] [FML]: The coremod IvToolkit (ivorius.ivtoolkit.IvToolkitLoadingPlugin) is not signed!
[13:14:20] [main/INFO] [FML]: Loading tweaker org.spongepowered.asm.launch.MixinTweaker from konkrete_1.3.0_MC_1.12-1.12.2.jar
[13:14:20] [main/WARN] [FML]: Found FMLCorePluginContainsFMLMod marker in Mekanism-1.12.2-9.8.3.390.jar. This is not recommended, @Mods should be in a separate jar from the coremod.
[13:14:20] [main/WARN] [FML]: The coremod mekanism.coremod.MekanismCoremod does not have a MCVersion annotation, it may cause issues with this version of Minecraft
[13:14:20] [main/WARN] [FML]: The coremod MekanismCoremod (mekanism.coremod.MekanismCoremod) is not signed!
[13:14:20] [main/WARN] [FML]: The coremod micdoodle8.mods.miccore.MicdoodlePlugin does not have a MCVersion annotation, it may cause issues with this version of Minecraft
[13:14:20] [main/WARN] [FML]: The coremod MicdoodlePlugin (micdoodle8.mods.miccore.MicdoodlePlugin) is not signed!
[13:14:20] [main/INFO] [FML]: Loading tweaker org.spongepowered.asm.launch.MixinTweaker from modularwarfare-1.0.17f.jar
[13:14:20] [main/WARN] [FML]: Found FMLCorePluginContainsFMLMod marker in NotEnoughIDs-1.5.4.4.jar. This is not recommended, @Mods should be in a separate jar from the coremod.
[13:14:20] [main/WARN] [FML]: The coremod ru.fewizz.neid.asm.Plugin does not have a MCVersion annotation, it may cause issues with this version of Minecraft
[13:14:20] [main/WARN] [FML]: The coremod Plugin (ru.fewizz.neid.asm.Plugin) is not signed!
[13:14:20] [main/WARN] [FML]: The coremod ObfuscatePlugin (com.mrcrayfish.obfuscate.asm.ObfuscatePlugin) is not signed!
[13:14:20] [main/WARN] [FML]: Found FMLCorePluginContainsFMLMod marker in OpenComputers-MC1.12.2-1.7.5.192.jar. This is not recommended, @Mods should be in a separate jar from the coremod.
[13:14:20] [main/WARN] [FML]: The coremod li.cil.oc.common.launch.TransformerLoader does not have a MCVersion annotation, it may cause issues with this version of Minecraft
[13:14:20] [main/WARN] [FML]: The coremod TransformerLoader (li.cil.oc.common.launch.TransformerLoader) is not signed!
[13:14:20] [main/WARN] [FML]: The coremod openeye.CorePlugin does not have a MCVersion annotation, it may cause issues with this version of Minecraft
[13:14:20] [main/WARN] [FML]: The coremod OpenEyePlugin (openeye.CorePlugin) is not signed!
[13:14:20] [main/WARN] [FML]: Found FMLCorePluginContainsFMLMod marker in OpenModsLib-1.12.2-0.12.2.jar. This is not recommended, @Mods should be in a separate jar from the coremod.
[13:14:20] [main/WARN] [FML]: The coremod openmods.core.OpenModsCorePlugin does not have a MCVersion annotation, it may cause issues with this version of Minecraft
[13:14:20] [main/WARN] [FML]: The coremod com.therandomlabs.randompatches.core.RPCore does not have a MCVersion annotation, it may cause issues with this version of Minecraft
[13:14:20] [main/WARN] [FML]: Found FMLCorePluginContainsFMLMod marker in redstonepaste-mc1.12-1.7.5.jar. This is not recommended, @Mods should be in a separate jar from the coremod.
[13:14:20] [main/WARN] [FML]: The coremod net.fybertech.nwr.NWRTweak does not have a MCVersion annotation, it may cause issues with this version of Minecraft
[13:14:20] [main/WARN] [FML]: The coremod NWRTweak (net.fybertech.nwr.NWRTweak) is not signed!
[13:14:20] [main/WARN] [FML]: Found FMLCorePluginContainsFMLMod marker in secretroomsmod-1.12.2-5.6.4.jar. This is not recommended, @Mods should be in a separate jar from the coremod.
[13:14:20] [main/WARN] [FML]: The coremod SecretRoomsMod-Core (com.wynprice.secretroomsmod.core.SecretRoomsCore) is not signed!
[13:14:20] [main/INFO] [FML]: [SecretRoomsMod-Core] Core loaded
[13:14:20] [main/WARN] [FML]: Found FMLCorePluginContainsFMLMod marker in SmoothFont-mc1.12.2-2.1.2.jar. This is not recommended, @Mods should be in a separate jar from the coremod.
[13:14:20] [main/WARN] [FML]: The coremod bre.smoothfont.asm.CorePlugin does not have a MCVersion annotation, it may cause issues with this version of Minecraft
[13:14:20] [main/WARN] [FML]: The coremod CorePlugin (bre.smoothfont.asm.CorePlugin) is not signed!
[13:14:20] [main/INFO] [FML]: Loading tweaker org.spongepowered.asm.launch.MixinTweaker from Surge-1.12.2-2.0.77.jar
[13:14:20] [main/WARN] [FML]: Found FMLCorePluginContainsFMLMod marker in tconevo-1.12.2-1.0.44.jar. This is not recommended, @Mods should be in a separate jar from the coremod.
[13:14:20] [main/WARN] [FML]: The coremod xyz.phanta.tconevo.coremod.TconEvoCoreMod does not have a MCVersion annotation, it may cause issues with this version of Minecraft
[13:14:20] [main/WARN] [FML]: The coremod TconEvoCoreMod (xyz.phanta.tconevo.coremod.TconEvoCoreMod) is not signed!
[13:14:20] [main/WARN] [FML]: Found FMLCorePluginContainsFMLMod marker in techguns-1.12.2-2.0.2.0_pre3.2.jar. This is not recommended, @Mods should be in a separate jar from the coremod.
[13:14:20] [main/WARN] [FML]: The coremod Techguns Core (techguns.core.TechgunsFMLPlugin) is not signed!
[13:14:20] [main/WARN] [FML]: Found FMLCorePluginContainsFMLMod marker in ThaumicAugmentation-1.12.2-2.1.5.jar. This is not recommended, @Mods should be in a separate jar from the coremod.
[13:14:20] [main/WARN] [FML]: Found FMLCorePluginContainsFMLMod marker in thaumicwands-1.2.6.jar. This is not recommended, @Mods should be in a separate jar from the coremod.
[13:14:20] [main/WARN] [FML]: The coremod de.zpenguin.thaumicwands.asm.ThaumicWandsCore does not have a MCVersion annotation, it may cause issues with this version of Minecraft
[13:14:20] [main/WARN] [FML]: The coremod ThaumicWandsCore (de.zpenguin.thaumicwands.asm.ThaumicWandsCore) is not signed!
[13:14:20] [main/WARN] [FML]: The coremod blusunrize.immersiveengineering.common.asm.IELoadingPlugin does not have a MCVersion annotation, it may cause issues with this version of Minecraft
[13:14:20] [main/WARN] [FML]: The coremod IELoadingPlugin (blusunrize.immersiveengineering.common.asm.IELoadingPlugin) is not signed!
[13:14:20] [main/INFO] [LaunchWrapper]: Loading tweak class name net.minecraftforge.fml.common.launcher.FMLInjectionAndSortingTweaker
[13:14:20] [main/INFO] [LaunchWrapper]: Loading tweak class name org.spongepowered.asm.launch.MixinTweaker
[13:14:20] [main/INFO] [mixin]: SpongePowered MIXIN Subsystem Version=0.8.4 Source=file:/data/./mods/_MixinBootstrap-1.1.0.jar Service=LaunchWrapper Env=SERVER
[13:14:20] [main/WARN] [FML]: The coremod de.keksuccino.konkrete.core.KonkreteCore does not have a MCVersion annotation, it may cause issues with this version of Minecraft
[13:14:20] [main/WARN] [FML]: The coremod KonkreteCore (de.keksuccino.konkrete.core.KonkreteCore) is not signed!
[13:14:20] [main/INFO] [STDOUT]: [de.keksuccino.konkrete.core.KonkreteCore:<init>:14]: [KONKRETE] LOADING CORE PLUGIN!
[13:14:20] [main/WARN] [FML]: The coremod modularwarfare (com.modularwarfare.mixin.MixinCore) is not signed!
[13:14:20] [main/INFO] [mixin]: Compatibility level set to JAVA_8
[13:14:20] [main/INFO] [LaunchWrapper]: Loading tweak class name guichaguri.betterfps.tweaker.BetterFpsTweaker
[13:14:20] [main/INFO] [LaunchWrapper]: Loading tweak class name codechicken.asm.internal.Tweaker
[13:14:20] [main/WARN] [LaunchWrapper]: Tweak class name org.spongepowered.asm.launch.MixinTweaker has already been visited -- skipping
[13:14:20] [main/WARN] [LaunchWrapper]: Tweak class name org.spongepowered.asm.launch.MixinTweaker has already been visited -- skipping
[13:14:20] [main/WARN] [LaunchWrapper]: Tweak class name org.spongepowered.asm.launch.MixinTweaker has already been visited -- skipping
[13:14:20] [main/INFO] [LaunchWrapper]: Loading tweak class name net.minecraftforge.fml.common.launcher.FMLDeobfTweaker
[13:14:20] [main/INFO] [LaunchWrapper]: Calling tweak class net.minecraftforge.fml.common.launcher.FMLInjectionAndSortingTweaker
[13:14:20] [main/INFO] [LaunchWrapper]: Calling tweak class net.minecraftforge.fml.common.launcher.FMLInjectionAndSortingTweaker
[13:14:20] [main/INFO] [LaunchWrapper]: Calling tweak class net.minecraftforge.fml.relauncher.CoreModManager$FMLPluginWrapper
